# JRE version: OpenJDK Runtime Environment (8.0_76-b03) (build 1.8.0_76-release-b03)
# Java VM: OpenJDK 64-Bit Server VM (25.76-b03 mixed mode windows-amd64 compressed oops)
Heap:
 PSYoungGen      total 394240K, used 388471K [0x00000000e0000000, 0x00000000fc000000, 0x0000000100000000)
  eden space 358400K, 100% used [0x00000000e0000000,0x00000000f5e00000,0x00000000f5e00000)
  from space 35840K, 83% used [0x00000000f9d00000,0x00000000fba5dc98,0x00000000fc000000)
  to   space 50176K, 61% used [0x00000000f5e00000,0x00000000f7c0cd00,0x00000000f8f00000)
 ParOldGen       total 212480K, used 170278K [0x00000000a0000000, 0x00000000acf80000, 0x00000000e0000000)
  object space 212480K, 80% used [0x00000000a0000000,0x00000000aa6499e8,0x00000000acf80000)
 Metaspace       used 69838K, capacity 72620K, committed 72880K, reserved 1112064K
  class space    used 9002K, capacity 9630K, committed 9648K, reserved 1048576K
GC Heap History (10 events):
Event: 110.206 GC heap after
Heap after GC invocations=27 (full 4):
 PSYoungGen      total 263680K, used 23544K [0x00000000e0000000, 0x00000000f7000000, 0x0000000100000000)
  eden space 240128K, 0% used [0x00000000e0000000,0x00000000e0000000,0x00000000eea80000)
  from space 23552K, 99% used [0x00000000eea80000,0x00000000f017e118,0x00000000f0180000)
  to   space 37376K, 0% used [0x00000000f4b80000,0x00000000f4b80000,0x00000000f7000000)
 ParOldGen       total 126976K, used 100320K [0x00000000a0000000, 0x00000000a7c00000, 0x00000000e0000000)
  object space 126976K, 79% used [0x00000000a0000000,0x00000000a61f8270,0x00000000a7c00000)
 Metaspace       used 69534K, capacity 72306K, committed 72368K, reserved 1112064K
  class space    used 8999K, capacity 9631K, committed 9648K, reserved 1048576K
}
Event: 111.710 GC heap before
{Heap before GC invocations=28 (full 4):
 PSYoungGen      total 263680K, used 263672K [0x00000000e0000000, 0x00000000f7000000, 0x0000000100000000)
  eden space 240128K, 100% used [0x00000000e0000000,0x00000000eea80000,0x00000000eea80000)
  from space 23552K, 99% used [0x00000000eea80000,0x00000000f017e118,0x00000000f0180000)
  to   space 37376K, 0% used [0x00000000f4b80000,0x00000000f4b80000,0x00000000f7000000)
 ParOldGen       total 126976K, used 100320K [0x00000000a0000000, 0x00000000a7c00000, 0x00000000e0000000)
  object space 126976K, 79% used [0x00000000a0000000,0x00000000a61f8270,0x00000000a7c00000)
 Metaspace       used 69701K, capacity 72434K, committed 72624K, reserved 1112064K
  class space    used 9001K, capacity 9631K, committed 9648K, reserved 1048576K
Event: 111.876 GC heap after
Heap after GC invocations=28 (full 4):
 PSYoungGen      total 333824K, used 35143K [0x00000000e0000000, 0x00000000f8580000, 0x0000000100000000)
  eden space 296448K, 0% used [0x00000000e0000000,0x00000000e0000000,0x00000000f2180000)
  from space 37376K, 94% used [0x00000000f4b80000,0x00000000f6dd1d80,0x00000000f7000000)
  to   space 43008K, 0% used [0x00000000f2180000,0x00000000f2180000,0x00000000f4b80000)
 ParOldGen       total 126976K, used 121201K [0x00000000a0000000, 0x00000000a7c00000, 0x00000000e0000000)
  object space 126976K, 95% used [0x00000000a0000000,0x00000000a765c668,0x00000000a7c00000)
 Metaspace       used 69701K, capacity 72434K, committed 72624K, reserved 1112064K
  class space    used 9001K, capacity 9631K, committed 9648K, reserved 1048576K
}
Event: 111.876 GC heap before
{Heap before GC invocations=29 (full 5):
 PSYoungGen      total 333824K, used 35143K [0x00000000e0000000, 0x00000000f8580000, 0x0000000100000000)
  eden space 296448K, 0% used [0x00000000e0000000,0x00000000e0000000,0x00000000f2180000)
  from space 37376K, 94% used [0x00000000f4b80000,0x00000000f6dd1d80,0x00000000f7000000)
  to   space 43008K, 0% used [0x00000000f2180000,0x00000000f2180000,0x00000000f4b80000)
 ParOldGen       total 126976K, used 121201K [0x00000000a0000000, 0x00000000a7c00000, 0x00000000e0000000)
  object space 126976K, 95% used [0x00000000a0000000,0x00000000a765c668,0x00000000a7c00000)
 Metaspace       used 69701K, capacity 72434K, committed 72624K, reserved 1112064K
  class space    used 9001K, capacity 9631K, committed 9648K, reserved 1048576K
Event: 113.141 GC heap after
Heap after GC invocations=29 (full 5):
 PSYoungGen      total 333824K, used 0K [0x00000000e0000000, 0x00000000f8580000, 0x0000000100000000)
  eden space 296448K, 0% used [0x00000000e0000000,0x00000000e0000000,0x00000000f2180000)
  from space 37376K, 0% used [0x00000000f4b80000,0x00000000f4b80000,0x00000000f7000000)
  to   space 43008K, 0% used [0x00000000f2180000,0x00000000f2180000,0x00000000f4b80000)
 ParOldGen       total 212480K, used 120665K [0x00000000a0000000, 0x00000000acf80000, 0x00000000e0000000)
  object space 212480K, 56% used [0x00000000a0000000,0x00000000a75d6428,0x00000000acf80000)
 Metaspace       used 69699K, capacity 72428K, committed 72624K, reserved 1112064K
  class space    used 9000K, capacity 9630K, committed 9648K, reserved 1048576K
}
Event: 114.961 GC heap before
{Heap before GC invocations=30 (full 5):
 PSYoungGen      total 333824K, used 296448K [0x00000000e0000000, 0x00000000f8580000, 0x0000000100000000)
  eden space 296448K, 100% used [0x00000000e0000000,0x00000000f2180000,0x00000000f2180000)
  from space 37376K, 0% used [0x00000000f4b80000,0x00000000f4b80000,0x00000000f7000000)
  to   space 43008K, 0% used [0x00000000f2180000,0x00000000f2180000,0x00000000f4b80000)
 ParOldGen       total 212480K, used 120665K [0x00000000a0000000, 0x00000000acf80000, 0x00000000e0000000)
  object space 212480K, 56% used [0x00000000a0000000,0x00000000a75d6428,0x00000000acf80000)
 Metaspace       used 69756K, capacity 72492K, committed 72624K, reserved 1112064K
  class space    used 9000K, capacity 9630K, committed 9648K, reserved 1048576K
Event: 115.120 GC heap after
Heap after GC invocations=30 (full 5):
 PSYoungGen      total 339456K, used 40889K [0x00000000e0000000, 0x00000000fcd00000, 0x0000000100000000)
  eden space 296448K, 0% used [0x00000000e0000000,0x00000000e0000000,0x00000000f2180000)
  from space 43008K, 95% used [0x00000000f2180000,0x00000000f496e660,0x00000000f4b80000)
  to   space 49152K, 0% used [0x00000000f9d00000,0x00000000f9d00000,0x00000000fcd00000)
 ParOldGen       total 212480K, used 120673K [0x00000000a0000000, 0x00000000acf80000, 0x00000000e0000000)
  object space 212480K, 56% used [0x00000000a0000000,0x00000000a75d8428,0x00000000acf80000)
 Metaspace       used 69756K, capacity 72492K, committed 72624K, reserved 1112064K
  class space    used 9000K, capacity 9630K, committed 9648K, reserved 1048576K
}
Event: 116.991 GC heap before
{Heap before GC invocations=31 (full 5):
 PSYoungGen      total 339456K, used 337337K [0x00000000e0000000, 0x00000000fcd00000, 0x0000000100000000)
  eden space 296448K, 100% used [0x00000000e0000000,0x00000000f2180000,0x00000000f2180000)
  from space 43008K, 95% used [0x00000000f2180000,0x00000000f496e660,0x00000000f4b80000)
  to   space 49152K, 0% used [0x00000000f9d00000,0x00000000f9d00000,0x00000000fcd00000)
 ParOldGen       total 212480K, used 120673K [0x00000000a0000000, 0x00000000acf80000, 0x00000000e0000000)
  object space 212480K, 56% used [0x00000000a0000000,0x00000000a75d8428,0x00000000acf80000)
 Metaspace       used 69799K, capacity 72620K, committed 72880K, reserved 1112064K
  class space    used 9001K, capacity 9630K, committed 9648K, reserved 1048576K
Event: 117.162 GC heap after
Heap after GC invocations=31 (full 5):
 PSYoungGen      total 394240K, used 30071K [0x00000000e0000000, 0x00000000fc000000, 0x0000000100000000)
  eden space 358400K, 0% used [0x00000000e0000000,0x00000000e0000000,0x00000000f5e00000)
  from space 35840K, 83% used [0x00000000f9d00000,0x00000000fba5dc98,0x00000000fc000000)
  to   space 50176K, 0% used [0x00000000f5e00000,0x00000000f5e00000,0x00000000f8f00000)
 ParOldGen       total 212480K, used 155742K [0x00000000a0000000, 0x00000000acf80000, 0x00000000e0000000)
  object space 212480K, 73% used [0x00000000a0000000,0x00000000a9817910,0x00000000acf80000)
 Metaspace       used 69799K, capacity 72620K, committed 72880K, reserved 1112064K
  class space    used 9001K, capacity 9630K, committed 9648K, reserved 1048576K
}
Event: 119.513 GC heap before
{Heap before GC invocations=32 (full 5):
 PSYoungGen      total 394240K, used 388471K [0x00000000e0000000, 0x00000000fc000000, 0x0000000100000000)
  eden space 358400K, 100% used [0x00000000e0000000,0x00000000f5e00000,0x00000000f5e00000)
  from space 35840K, 83% used [0x00000000f9d00000,0x00000000fba5dc98,0x00000000fc000000)
  to   space 50176K, 0% used [0x00000000f5e00000,0x00000000f5e00000,0x00000000f8f00000)
 ParOldGen       total 212480K, used 155742K [0x00000000a0000000, 0x00000000acf80000, 0x00000000e0000000)
  object space 212480K, 73% used [0x00000000a0000000,0x00000000a9817910,0x00000000acf80000)
 Metaspace       used 69838K, capacity 72620K, committed 72880K, reserved 1112064K
  class space    used 9002K, capacity 9630K, committed 9648K, reserved 1048576K

