# JRE version: OpenJDK Runtime Environment (8.0_76-b03) (build 1.8.0_76-release-b03)
# Java VM: OpenJDK 64-Bit Server VM (25.76-b03 mixed mode windows-amd64 compressed oops)
Heap:
 PSYoungGen      total 58368K, used 57797K [0x00000000e0000000, 0x00000000e4200000, 0x0000000100000000)
  eden space 50176K, 100% used [0x00000000e0000000,0x00000000e3100000,0x00000000e3100000)
  from space 8192K, 93% used [0x00000000e3a00000,0x00000000e4171710,0x00000000e4200000)
  to   space 8704K, 65% used [0x00000000e3100000,0x00000000e3688010,0x00000000e3980000)
 ParOldGen       total 51200K, used 11836K [0x00000000a0000000, 0x00000000a3200000, 0x00000000e0000000)
  object space 51200K, 23% used [0x00000000a0000000,0x00000000a0b8f218,0x00000000a3200000)
 Metaspace       used 34488K, capacity 35228K, committed 35328K, reserved 1079296K
  class space    used 4640K, capacity 4849K, committed 4864K, reserved 1048576K
GC Heap History (10 events):
Event: 23.443 GC heap after
Heap after GC invocations=9 (full 1):
 PSYoungGen      total 39936K, used 3437K [0x00000000e0000000, 0x00000000e3080000, 0x0000000100000000)
  eden space 31232K, 0% used [0x00000000e0000000,0x00000000e0000000,0x00000000e1e80000)
  from space 8704K, 39% used [0x00000000e2700000,0x00000000e2a5b798,0x00000000e2f80000)
  to   space 8704K, 0% used [0x00000000e1e80000,0x00000000e1e80000,0x00000000e2700000)
 ParOldGen       total 51200K, used 11732K [0x00000000a0000000, 0x00000000a3200000, 0x00000000e0000000)
  object space 51200K, 22% used [0x00000000a0000000,0x00000000a0b751f0,0x00000000a3200000)
 Metaspace       used 23958K, capacity 24564K, committed 24704K, reserved 1071104K
  class space    used 3267K, capacity 3450K, committed 3456K, reserved 1048576K
}
Event: 25.744 GC heap before
{Heap before GC invocations=10 (full 1):
 PSYoungGen      total 39936K, used 34669K [0x00000000e0000000, 0x00000000e3080000, 0x0000000100000000)
  eden space 31232K, 100% used [0x00000000e0000000,0x00000000e1e80000,0x00000000e1e80000)
  from space 8704K, 39% used [0x00000000e2700000,0x00000000e2a5b798,0x00000000e2f80000)
  to   space 8704K, 0% used [0x00000000e1e80000,0x00000000e1e80000,0x00000000e2700000)
 ParOldGen       total 51200K, used 11732K [0x00000000a0000000, 0x00000000a3200000, 0x00000000e0000000)
  object space 51200K, 22% used [0x00000000a0000000,0x00000000a0b751f0,0x00000000a3200000)
 Metaspace       used 26626K, capacity 27294K, committed 27520K, reserved 1073152K
  class space    used 3685K, capacity 3871K, committed 3968K, reserved 1048576K
Event: 25.764 GC heap after
Heap after GC invocations=10 (full 1):
 PSYoungGen      total 39936K, used 5540K [0x00000000e0000000, 0x00000000e3900000, 0x0000000100000000)
  eden space 31232K, 0% used [0x00000000e0000000,0x00000000e0000000,0x00000000e1e80000)
  from space 8704K, 63% used [0x00000000e1e80000,0x00000000e23e9010,0x00000000e2700000)
  to   space 8704K, 0% used [0x00000000e3080000,0x00000000e3080000,0x00000000e3900000)
 ParOldGen       total 51200K, used 11732K [0x00000000a0000000, 0x00000000a3200000, 0x00000000e0000000)
  object space 51200K, 22% used [0x00000000a0000000,0x00000000a0b751f0,0x00000000a3200000)
 Metaspace       used 26626K, capacity 27294K, committed 27520K, reserved 1073152K
  class space    used 3685K, capacity 3871K, committed 3968K, reserved 1048576K
}
Event: 29.303 GC heap before
{Heap before GC invocations=11 (full 1):
 PSYoungGen      total 39936K, used 36772K [0x00000000e0000000, 0x00000000e3900000, 0x0000000100000000)
  eden space 31232K, 100% used [0x00000000e0000000,0x00000000e1e80000,0x00000000e1e80000)
  from space 8704K, 63% used [0x00000000e1e80000,0x00000000e23e9010,0x00000000e2700000)
  to   space 8704K, 0% used [0x00000000e3080000,0x00000000e3080000,0x00000000e3900000)
 ParOldGen       total 51200K, used 11732K [0x00000000a0000000, 0x00000000a3200000, 0x00000000e0000000)
  object space 51200K, 22% used [0x00000000a0000000,0x00000000a0b751f0,0x00000000a3200000)
 Metaspace       used 28364K, capacity 29014K, committed 29312K, reserved 1075200K
  class space    used 3904K, capacity 4099K, committed 4224K, reserved 1048576K
Event: 29.315 GC heap after
Heap after GC invocations=11 (full 1):
 PSYoungGen      total 47616K, used 4858K [0x00000000e0000000, 0x00000000e3780000, 0x0000000100000000)
  eden space 40448K, 0% used [0x00000000e0000000,0x00000000e0000000,0x00000000e2780000)
  from space 7168K, 67% used [0x00000000e3080000,0x00000000e353ea08,0x00000000e3780000)
  to   space 8192K, 0% used [0x00000000e2780000,0x00000000e2780000,0x00000000e2f80000)
 ParOldGen       total 51200K, used 11740K [0x00000000a0000000, 0x00000000a3200000, 0x00000000e0000000)
  object space 51200K, 22% used [0x00000000a0000000,0x00000000a0b771f0,0x00000000a3200000)
 Metaspace       used 28364K, capacity 29014K, committed 29312K, reserved 1075200K
  class space    used 3904K, capacity 4099K, committed 4224K, reserved 1048576K
}
Event: 32.653 GC heap before
{Heap before GC invocations=12 (full 1):
 PSYoungGen      total 47616K, used 45306K [0x00000000e0000000, 0x00000000e3780000, 0x0000000100000000)
  eden space 40448K, 100% used [0x00000000e0000000,0x00000000e2780000,0x00000000e2780000)
  from space 7168K, 67% used [0x00000000e3080000,0x00000000e353ea08,0x00000000e3780000)
  to   space 8192K, 0% used [0x00000000e2780000,0x00000000e2780000,0x00000000e2f80000)
 ParOldGen       total 51200K, used 11740K [0x00000000a0000000, 0x00000000a3200000, 0x00000000e0000000)
  object space 51200K, 22% used [0x00000000a0000000,0x00000000a0b771f0,0x00000000a3200000)
 Metaspace       used 28689K, capacity 29340K, committed 29568K, reserved 1075200K
  class space    used 3907K, capacity 4100K, committed 4224K, reserved 1048576K
Event: 32.663 GC heap after
Heap after GC invocations=12 (full 1):
 PSYoungGen      total 48640K, used 4384K [0x00000000e0000000, 0x00000000e4200000, 0x0000000100000000)
  eden space 40448K, 0% used [0x00000000e0000000,0x00000000e0000000,0x00000000e2780000)
  from space 8192K, 53% used [0x00000000e2780000,0x00000000e2bc8020,0x00000000e2f80000)
  to   space 8192K, 0% used [0x00000000e3a00000,0x00000000e3a00000,0x00000000e4200000)
 ParOldGen       total 51200K, used 11748K [0x00000000a0000000, 0x00000000a3200000, 0x00000000e0000000)
  object space 51200K, 22% used [0x00000000a0000000,0x00000000a0b791f0,0x00000000a3200000)
 Metaspace       used 28689K, capacity 29340K, committed 29568K, reserved 1075200K
  class space    used 3907K, capacity 4100K, committed 4224K, reserved 1048576K
}
Event: 44.994 GC heap before
{Heap before GC invocations=13 (full 1):
 PSYoungGen      total 48640K, used 44832K [0x00000000e0000000, 0x00000000e4200000, 0x0000000100000000)
  eden space 40448K, 100% used [0x00000000e0000000,0x00000000e2780000,0x00000000e2780000)
  from space 8192K, 53% used [0x00000000e2780000,0x00000000e2bc8020,0x00000000e2f80000)
  to   space 8192K, 0% used [0x00000000e3a00000,0x00000000e3a00000,0x00000000e4200000)
 ParOldGen       total 51200K, used 11748K [0x00000000a0000000, 0x00000000a3200000, 0x00000000e0000000)
  object space 51200K, 22% used [0x00000000a0000000,0x00000000a0b791f0,0x00000000a3200000)
 Metaspace       used 31873K, capacity 32672K, committed 32768K, reserved 1077248K
  class space    used 4304K, capacity 4555K, committed 4608K, reserved 1048576K
Event: 45.014 GC heap after
Heap after GC invocations=13 (full 1):
 PSYoungGen      total 58368K, used 7621K [0x00000000e0000000, 0x00000000e4200000, 0x0000000100000000)
  eden space 50176K, 0% used [0x00000000e0000000,0x00000000e0000000,0x00000000e3100000)
  from space 8192K, 93% used [0x00000000e3a00000,0x00000000e4171710,0x00000000e4200000)
  to   space 8704K, 0% used [0x00000000e3100000,0x00000000e3100000,0x00000000e3980000)
 ParOldGen       total 51200K, used 11828K [0x00000000a0000000, 0x00000000a3200000, 0x00000000e0000000)
  object space 51200K, 23% used [0x00000000a0000000,0x00000000a0b8d218,0x00000000a3200000)
 Metaspace       used 31873K, capacity 32672K, committed 32768K, reserved 1077248K
  class space    used 4304K, capacity 4555K, committed 4608K, reserved 1048576K
}
Event: 47.497 GC heap before
{Heap before GC invocations=14 (full 1):
 PSYoungGen      total 58368K, used 57797K [0x00000000e0000000, 0x00000000e4200000, 0x0000000100000000)
  eden space 50176K, 100% used [0x00000000e0000000,0x00000000e3100000,0x00000000e3100000)
  from space 8192K, 93% used [0x00000000e3a00000,0x00000000e4171710,0x00000000e4200000)
  to   space 8704K, 0% used [0x00000000e3100000,0x00000000e3100000,0x00000000e3980000)
 ParOldGen       total 51200K, used 11828K [0x00000000a0000000, 0x00000000a3200000, 0x00000000e0000000)
  object space 51200K, 23% used [0x00000000a0000000,0x00000000a0b8d218,0x00000000a3200000)
 Metaspace       used 34488K, capacity 35228K, committed 35328K, reserved 1079296K
  class space    used 4640K, capacity 4849K, committed 4864K, reserved 1048576K

