# JRE version: OpenJDK Runtime Environment (8.0_76-b03) (build 1.8.0_76-release-b03)
# Java VM: OpenJDK 64-Bit Server VM (25.76-b03 mixed mode windows-amd64 compressed oops)
Heap:
 PSYoungGen      total 230400K, used 103056K [0x00000000e0000000, 0x00000000f4900000, 0x0000000100000000)
  eden space 195072K, 34% used [0x00000000e0000000,0x00000000e422a2c0,0x00000000ebe80000)
  from space 35328K, 99% used [0x00000000ebe80000,0x00000000ee0f9d50,0x00000000ee100000)
  to   space 47616K, 0% used [0x00000000f1a80000,0x00000000f1a80000,0x00000000f4900000)
 ParOldGen       total 134656K, used 64608K [0x00000000a0000000, 0x00000000a8380000, 0x00000000e0000000)
  object space 134656K, 47% used [0x00000000a0000000,0x00000000a3f183f0,0x00000000a8380000)
 Metaspace       used 63757K, capacity 65514K, committed 65688K, reserved 1105920K
  class space    used 8133K, capacity 8554K, committed 8624K, reserved 1048576K
GC Heap History (10 events):
Event: 46.622 GC heap before
{Heap before GC invocations=18 (full 3):
 PSYoungGen      total 171520K, used 26598K [0x00000000e0000000, 0x00000000eec80000, 0x0000000100000000)
  eden space 144896K, 0% used [0x00000000e0000000,0x00000000e0000000,0x00000000e8d80000)
  from space 26624K, 99% used [0x00000000e8d80000,0x00000000ea779a08,0x00000000ea780000)
  to   space 31744K, 0% used [0x00000000ecd80000,0x00000000ecd80000,0x00000000eec80000)
 ParOldGen       total 78848K, used 39967K [0x00000000a0000000, 0x00000000a4d00000, 0x00000000e0000000)
  object space 78848K, 50% used [0x00000000a0000000,0x00000000a2707d18,0x00000000a4d00000)
 Metaspace       used 57560K, capacity 59012K, committed 59160K, reserved 1099776K
  class space    used 7535K, capacity 7891K, committed 7984K, reserved 1048576K
Event: 47.181 GC heap after
Heap after GC invocations=18 (full 3):
 PSYoungGen      total 171520K, used 0K [0x00000000e0000000, 0x00000000eec80000, 0x0000000100000000)
  eden space 144896K, 0% used [0x00000000e0000000,0x00000000e0000000,0x00000000e8d80000)
  from space 26624K, 0% used [0x00000000e8d80000,0x00000000e8d80000,0x00000000ea780000)
  to   space 31744K, 0% used [0x00000000ecd80000,0x00000000ecd80000,0x00000000eec80000)
 ParOldGen       total 134656K, used 45006K [0x00000000a0000000, 0x00000000a8380000, 0x00000000e0000000)
  object space 134656K, 33% used [0x00000000a0000000,0x00000000a2bf3908,0x00000000a8380000)
 Metaspace       used 57558K, capacity 59006K, committed 59160K, reserved 1099776K
  class space    used 7534K, capacity 7890K, committed 7984K, reserved 1048576K
}
Event: 53.597 GC heap before
{Heap before GC invocations=19 (full 3):
 PSYoungGen      total 171520K, used 144286K [0x00000000e0000000, 0x00000000eec80000, 0x0000000100000000)
  eden space 144896K, 99% used [0x00000000e0000000,0x00000000e8ce7ae8,0x00000000e8d80000)
  from space 26624K, 0% used [0x00000000e8d80000,0x00000000e8d80000,0x00000000ea780000)
  to   space 31744K, 0% used [0x00000000ecd80000,0x00000000ecd80000,0x00000000eec80000)
 ParOldGen       total 134656K, used 45006K [0x00000000a0000000, 0x00000000a8380000, 0x00000000e0000000)
  object space 134656K, 33% used [0x00000000a0000000,0x00000000a2bf3908,0x00000000a8380000)
 Metaspace       used 58948K, capacity 60582K, committed 60824K, reserved 1101824K
  class space    used 7693K, capacity 8102K, committed 8112K, reserved 1048576K
Event: 53.611 GC heap after
Heap after GC invocations=19 (full 3):
 PSYoungGen      total 203264K, used 7706K [0x00000000e0000000, 0x00000000ee880000, 0x0000000100000000)
  eden space 175616K, 0% used [0x00000000e0000000,0x00000000e0000000,0x00000000eab80000)
  from space 27648K, 27% used [0x00000000ecd80000,0x00000000ed506b70,0x00000000ee880000)
  to   space 31232K, 0% used [0x00000000eab80000,0x00000000eab80000,0x00000000eca00000)
 ParOldGen       total 134656K, used 45014K [0x00000000a0000000, 0x00000000a8380000, 0x00000000e0000000)
  object space 134656K, 33% used [0x00000000a0000000,0x00000000a2bf5908,0x00000000a8380000)
 Metaspace       used 58948K, capacity 60582K, committed 60824K, reserved 1101824K
  class space    used 7693K, capacity 8102K, committed 8112K, reserved 1048576K
}
Event: 55.484 GC heap before
{Heap before GC invocations=20 (full 3):
 PSYoungGen      total 203264K, used 183322K [0x00000000e0000000, 0x00000000ee880000, 0x0000000100000000)
  eden space 175616K, 100% used [0x00000000e0000000,0x00000000eab80000,0x00000000eab80000)
  from space 27648K, 27% used [0x00000000ecd80000,0x00000000ed506b70,0x00000000ee880000)
  to   space 31232K, 0% used [0x00000000eab80000,0x00000000eab80000,0x00000000eca00000)
 ParOldGen       total 134656K, used 45014K [0x00000000a0000000, 0x00000000a8380000, 0x00000000e0000000)
  object space 134656K, 33% used [0x00000000a0000000,0x00000000a2bf5908,0x00000000a8380000)
 Metaspace       used 60153K, capacity 61904K, committed 62104K, reserved 1103872K
  class space    used 7829K, capacity 8253K, committed 8368K, reserved 1048576K
Event: 55.501 GC heap after
Heap after GC invocations=20 (full 3):
 PSYoungGen      total 206848K, used 8906K [0x00000000e0000000, 0x00000000efe80000, 0x0000000100000000)
  eden space 175616K, 0% used [0x00000000e0000000,0x00000000e0000000,0x00000000eab80000)
  from space 31232K, 28% used [0x00000000eab80000,0x00000000eb4329a8,0x00000000eca00000)
  to   space 30208K, 0% used [0x00000000ee100000,0x00000000ee100000,0x00000000efe80000)
 ParOldGen       total 134656K, used 45022K [0x00000000a0000000, 0x00000000a8380000, 0x00000000e0000000)
  object space 134656K, 33% used [0x00000000a0000000,0x00000000a2bf7908,0x00000000a8380000)
 Metaspace       used 60153K, capacity 61904K, committed 62104K, reserved 1103872K
  class space    used 7829K, capacity 8253K, committed 8368K, reserved 1048576K
}
Event: 58.823 GC heap before
{Heap before GC invocations=21 (full 3):
 PSYoungGen      total 206848K, used 184522K [0x00000000e0000000, 0x00000000efe80000, 0x0000000100000000)
  eden space 175616K, 100% used [0x00000000e0000000,0x00000000eab80000,0x00000000eab80000)
  from space 31232K, 28% used [0x00000000eab80000,0x00000000eb4329a8,0x00000000eca00000)
  to   space 30208K, 0% used [0x00000000ee100000,0x00000000ee100000,0x00000000efe80000)
 ParOldGen       total 134656K, used 45022K [0x00000000a0000000, 0x00000000a8380000, 0x00000000e0000000)
  object space 134656K, 33% used [0x00000000a0000000,0x00000000a2bf7908,0x00000000a8380000)
 Metaspace       used 63396K, capacity 65130K, committed 65432K, reserved 1105920K
  class space    used 8129K, capacity 8554K, committed 8624K, reserved 1048576K
Event: 58.896 GC heap after
Heap after GC invocations=21 (full 3):
 PSYoungGen      total 225280K, used 30183K [0x00000000e0000000, 0x00000000f0c00000, 0x0000000100000000)
  eden space 195072K, 0% used [0x00000000e0000000,0x00000000e0000000,0x00000000ebe80000)
  from space 30208K, 99% used [0x00000000ee100000,0x00000000efe79e38,0x00000000efe80000)
  to   space 35328K, 0% used [0x00000000ebe80000,0x00000000ebe80000,0x00000000ee100000)
 ParOldGen       total 134656K, used 46852K [0x00000000a0000000, 0x00000000a8380000, 0x00000000e0000000)
  object space 134656K, 34% used [0x00000000a0000000,0x00000000a2dc1308,0x00000000a8380000)
 Metaspace       used 63396K, capacity 65130K, committed 65432K, reserved 1105920K
  class space    used 8129K, capacity 8554K, committed 8624K, reserved 1048576K
}
Event: 60.858 GC heap before
{Heap before GC invocations=22 (full 3):
 PSYoungGen      total 225280K, used 225255K [0x00000000e0000000, 0x00000000f0c00000, 0x0000000100000000)
  eden space 195072K, 100% used [0x00000000e0000000,0x00000000ebe80000,0x00000000ebe80000)
  from space 30208K, 99% used [0x00000000ee100000,0x00000000efe79e38,0x00000000efe80000)
  to   space 35328K, 0% used [0x00000000ebe80000,0x00000000ebe80000,0x00000000ee100000)
 ParOldGen       total 134656K, used 46852K [0x00000000a0000000, 0x00000000a8380000, 0x00000000e0000000)
  object space 134656K, 34% used [0x00000000a0000000,0x00000000a2dc1308,0x00000000a8380000)
 Metaspace       used 63739K, capacity 65514K, committed 65688K, reserved 1105920K
  class space    used 8133K, capacity 8554K, committed 8624K, reserved 1048576K
Event: 61.019 GC heap after
Heap after GC invocations=22 (full 3):
 PSYoungGen      total 230400K, used 35303K [0x00000000e0000000, 0x00000000f4900000, 0x0000000100000000)
  eden space 195072K, 0% used [0x00000000e0000000,0x00000000e0000000,0x00000000ebe80000)
  from space 35328K, 99% used [0x00000000ebe80000,0x00000000ee0f9d50,0x00000000ee100000)
  to   space 47616K, 0% used [0x00000000f1a80000,0x00000000f1a80000,0x00000000f4900000)
 ParOldGen       total 134656K, used 64608K [0x00000000a0000000, 0x00000000a8380000, 0x00000000e0000000)
  object space 134656K, 47% used [0x00000000a0000000,0x00000000a3f183f0,0x00000000a8380000)
 Metaspace       used 63739K, capacity 65514K, committed 65688K, reserved 1105920K
  class space    used 8133K, capacity 8554K, committed 8624K, reserved 1048576K
}

