# JRE version: OpenJDK Runtime Environment (8.0_76-b03) (build 1.8.0_76-release-b03)
# Java VM: OpenJDK 64-Bit Server VM (25.76-b03 mixed mode windows-amd64 compressed oops)
Heap:
 PSYoungGen      total 416256K, used 358159K [0x00000000e0000000, 0x0000000100000000, 0x0000000100000000)
  eden space 306176K, 100% used [0x00000000e0000000,0x00000000f2b00000,0x00000000f2b00000)
  from space 110080K, 47% used [0x00000000f9480000,0x00000000fc743c40,0x0000000100000000)
  to   space 108032K, 74% used [0x00000000f2b00000,0x00000000f7a0f2d8,0x00000000f9480000)
 ParOldGen       total 222720K, used 54036K [0x00000000a0000000, 0x00000000ad980000, 0x00000000e0000000)
  object space 222720K, 24% used [0x00000000a0000000,0x00000000a34c5238,0x00000000ad980000)
 Metaspace       used 76889K, capacity 81702K, committed 82048K, reserved 1120256K
  class space    used 9573K, capacity 10273K, committed 10368K, reserved 1048576K
GC Heap History (10 events):
Event: 4450.857 GC heap after
Heap after GC invocations=66 (full 14):
 PSYoungGen      total 438784K, used 9128K [0x00000000e0000000, 0x0000000100000000, 0x0000000100000000)
  eden space 362496K, 0% used [0x00000000e0000000,0x00000000e0000000,0x00000000f6200000)
  from space 76288K, 11% used [0x00000000faa00000,0x00000000fb2ea0e0,0x00000000ff480000)
  to   space 73728K, 0% used [0x00000000f6200000,0x00000000f6200000,0x00000000faa00000)
 ParOldGen       total 222720K, used 42933K [0x00000000a0000000, 0x00000000ad980000, 0x00000000e0000000)
  object space 222720K, 19% used [0x00000000a0000000,0x00000000a29ed4e0,0x00000000ad980000)
 Metaspace       used 76349K, capacity 81000K, committed 81280K, reserved 1120256K
  class space    used 9496K, capacity 10168K, committed 10368K, reserved 1048576K
}
Event: 4455.160 GC heap before
{Heap before GC invocations=67 (full 14):
 PSYoungGen      total 438784K, used 371624K [0x00000000e0000000, 0x0000000100000000, 0x0000000100000000)
  eden space 362496K, 100% used [0x00000000e0000000,0x00000000f6200000,0x00000000f6200000)
  from space 76288K, 11% used [0x00000000faa00000,0x00000000fb2ea0e0,0x00000000ff480000)
  to   space 73728K, 0% used [0x00000000f6200000,0x00000000f6200000,0x00000000faa00000)
 ParOldGen       total 222720K, used 42933K [0x00000000a0000000, 0x00000000ad980000, 0x00000000e0000000)
  object space 222720K, 19% used [0x00000000a0000000,0x00000000a29ed4e0,0x00000000ad980000)
 Metaspace       used 76872K, capacity 81638K, committed 81792K, reserved 1120256K
  class space    used 9573K, capacity 10273K, committed 10368K, reserved 1048576K
Event: 4455.248 GC heap after
Heap after GC invocations=67 (full 14):
 PSYoungGen      total 436224K, used 52819K [0x00000000e0000000, 0x0000000100000000, 0x0000000100000000)
  eden space 362496K, 0% used [0x00000000e0000000,0x00000000e0000000,0x00000000f6200000)
  from space 73728K, 71% used [0x00000000f6200000,0x00000000f9594d68,0x00000000faa00000)
  to   space 79872K, 0% used [0x00000000fb200000,0x00000000fb200000,0x0000000100000000)
 ParOldGen       total 222720K, used 42933K [0x00000000a0000000, 0x00000000ad980000, 0x00000000e0000000)
  object space 222720K, 19% used [0x00000000a0000000,0x00000000a29ed4e0,0x00000000ad980000)
 Metaspace       used 76872K, capacity 81638K, committed 81792K, reserved 1120256K
  class space    used 9573K, capacity 10273K, committed 10368K, reserved 1048576K
}
Event: 4456.297 GC heap before
{Heap before GC invocations=68 (full 14):
 PSYoungGen      total 436224K, used 415315K [0x00000000e0000000, 0x0000000100000000, 0x0000000100000000)
  eden space 362496K, 100% used [0x00000000e0000000,0x00000000f6200000,0x00000000f6200000)
  from space 73728K, 71% used [0x00000000f6200000,0x00000000f9594d68,0x00000000faa00000)
  to   space 79872K, 0% used [0x00000000fb200000,0x00000000fb200000,0x0000000100000000)
 ParOldGen       total 222720K, used 42933K [0x00000000a0000000, 0x00000000ad980000, 0x00000000e0000000)
  object space 222720K, 19% used [0x00000000a0000000,0x00000000a29ed4e0,0x00000000ad980000)
 Metaspace       used 76875K, capacity 81638K, committed 81792K, reserved 1120256K
  class space    used 9573K, capacity 10273K, committed 10368K, reserved 1048576K
Event: 4456.463 GC heap after
Heap after GC invocations=68 (full 14):
 PSYoungGen      total 407552K, used 79848K [0x00000000e0000000, 0x0000000100000000, 0x0000000100000000)
  eden space 327680K, 0% used [0x00000000e0000000,0x00000000e0000000,0x00000000f4000000)
  from space 79872K, 99% used [0x00000000fb200000,0x00000000ffffa360,0x0000000100000000)
  to   space 98304K, 0% used [0x00000000f4000000,0x00000000f4000000,0x00000000fa000000)
 ParOldGen       total 222720K, used 54028K [0x00000000a0000000, 0x00000000ad980000, 0x00000000e0000000)
  object space 222720K, 24% used [0x00000000a0000000,0x00000000a34c3238,0x00000000ad980000)
 Metaspace       used 76875K, capacity 81638K, committed 81792K, reserved 1120256K
  class space    used 9573K, capacity 10273K, committed 10368K, reserved 1048576K
}
Event: 4457.400 GC heap before
{Heap before GC invocations=69 (full 14):
 PSYoungGen      total 407552K, used 407528K [0x00000000e0000000, 0x0000000100000000, 0x0000000100000000)
  eden space 327680K, 100% used [0x00000000e0000000,0x00000000f4000000,0x00000000f4000000)
  from space 79872K, 99% used [0x00000000fb200000,0x00000000ffffa360,0x0000000100000000)
  to   space 98304K, 0% used [0x00000000f4000000,0x00000000f4000000,0x00000000fa000000)
 ParOldGen       total 222720K, used 54028K [0x00000000a0000000, 0x00000000ad980000, 0x00000000e0000000)
  object space 222720K, 24% used [0x00000000a0000000,0x00000000a34c3238,0x00000000ad980000)
 Metaspace       used 76878K, capacity 81638K, committed 81792K, reserved 1120256K
  class space    used 9573K, capacity 10273K, committed 10368K, reserved 1048576K
Event: 4457.529 GC heap after
Heap after GC invocations=69 (full 14):
 PSYoungGen      total 410112K, used 82378K [0x00000000e0000000, 0x0000000100000000, 0x0000000100000000)
  eden space 327680K, 0% used [0x00000000e0000000,0x00000000e0000000,0x00000000f4000000)
  from space 82432K, 99% used [0x00000000f4000000,0x00000000f90729a8,0x00000000f9080000)
  to   space 110080K, 0% used [0x00000000f9480000,0x00000000f9480000,0x0000000100000000)
 ParOldGen       total 222720K, used 54028K [0x00000000a0000000, 0x00000000ad980000, 0x00000000e0000000)
  object space 222720K, 24% used [0x00000000a0000000,0x00000000a34c3238,0x00000000ad980000)
 Metaspace       used 76878K, capacity 81638K, committed 81792K, reserved 1120256K
  class space    used 9573K, capacity 10273K, committed 10368K, reserved 1048576K
}
Event: 4459.361 GC heap before
{Heap before GC invocations=70 (full 14):
 PSYoungGen      total 410112K, used 410058K [0x00000000e0000000, 0x0000000100000000, 0x0000000100000000)
  eden space 327680K, 100% used [0x00000000e0000000,0x00000000f4000000,0x00000000f4000000)
  from space 82432K, 99% used [0x00000000f4000000,0x00000000f90729a8,0x00000000f9080000)
  to   space 110080K, 0% used [0x00000000f9480000,0x00000000f9480000,0x0000000100000000)
 ParOldGen       total 222720K, used 54028K [0x00000000a0000000, 0x00000000ad980000, 0x00000000e0000000)
  object space 222720K, 24% used [0x00000000a0000000,0x00000000a34c3238,0x00000000ad980000)
 Metaspace       used 76887K, capacity 81702K, committed 82048K, reserved 1120256K
  class space    used 9573K, capacity 10273K, committed 10368K, reserved 1048576K
Event: 4459.443 GC heap after
Heap after GC invocations=70 (full 14):
 PSYoungGen      total 416256K, used 51983K [0x00000000e0000000, 0x0000000100000000, 0x0000000100000000)
  eden space 306176K, 0% used [0x00000000e0000000,0x00000000e0000000,0x00000000f2b00000)
  from space 110080K, 47% used [0x00000000f9480000,0x00000000fc743c40,0x0000000100000000)
  to   space 108032K, 0% used [0x00000000f2b00000,0x00000000f2b00000,0x00000000f9480000)
 ParOldGen       total 222720K, used 54036K [0x00000000a0000000, 0x00000000ad980000, 0x00000000e0000000)
  object space 222720K, 24% used [0x00000000a0000000,0x00000000a34c5238,0x00000000ad980000)
 Metaspace       used 76887K, capacity 81702K, committed 82048K, reserved 1120256K
  class space    used 9573K, capacity 10273K, committed 10368K, reserved 1048576K
}
Event: 4460.096 GC heap before
{Heap before GC invocations=71 (full 14):
 PSYoungGen      total 416256K, used 358159K [0x00000000e0000000, 0x0000000100000000, 0x0000000100000000)
  eden space 306176K, 100% used [0x00000000e0000000,0x00000000f2b00000,0x00000000f2b00000)
  from space 110080K, 47% used [0x00000000f9480000,0x00000000fc743c40,0x0000000100000000)
  to   space 108032K, 0% used [0x00000000f2b00000,0x00000000f2b00000,0x00000000f9480000)
 ParOldGen       total 222720K, used 54036K [0x00000000a0000000, 0x00000000ad980000, 0x00000000e0000000)
  object space 222720K, 24% used [0x00000000a0000000,0x00000000a34c5238,0x00000000ad980000)
 Metaspace       used 76889K, capacity 81702K, committed 82048K, reserved 1120256K
  class space    used 9573K, capacity 10273K, committed 10368K, reserved 1048576K

